<?xml version="1.0" encoding="UTF-8"?>
<testng-results skipped="0" failed="0" ignored="0" total="1" passed="1">
  <reporter-output>
  </reporter-output>
  <suite name="Default suite" duration-ms="11195" started-at="2019-12-26T20:29:31 CET" finished-at="2019-12-26T20:29:42 CET">
    <groups>
    </groups>
    <test name="Default test" duration-ms="11195" started-at="2019-12-26T20:29:31 CET" finished-at="2019-12-26T20:29:42 CET">
      <class name="Main.IzvrsavanjeTestova">
        <test-method status="PASS" signature="sviTestovi()[pri:0, instance:Main.IzvrsavanjeTestova@4f970963]" name="sviTestovi" duration-ms="11156" started-at="2019-12-26T20:29:31 CET" finished-at="2019-12-26T20:29:42 CET">
          <reporter-output>
          </reporter-output>
        </test-method> <!-- sviTestovi -->
      </class> <!-- Main.IzvrsavanjeTestova -->
    </test> <!-- Default test -->
  </suite> <!-- Default suite -->
</testng-results>
